<?xml version="1.0" encoding="UTF-8"?>
<!-- Generated by org.testng.reporters.JUnitReportReporter -->
<testsuite hostname="LAPTOP-RN954ILH" failures="0" tests="2" name="com.self.TestAutomation.TestRunner.TestRunner_Application_Test" time="24.145" errors="0" timestamp="2024-07-29T18:58:35 IST" skipped="0">
  <testcase classname="com.self.TestAutomation.TestRunner.TestRunner_Application_Test" name="verifyApplication" time="10.466"/>
  <system-out/>
  <testcase classname="com.self.TestAutomation.TestRunner.TestRunner_Application_Test" name="verifyTestApplication" time="13.679"/>
  <system-out/>
</testsuite> <!-- com.self.TestAutomation.TestRunner.TestRunner_Application_Test -->
